d:\c++\sfml mall dv1595 - copy\obj\x64\template\release\vc143.pdb
d:\c++\sfml mall dv1595 - copy\obj\x64\template\release\uibutton.obj
d:\c++\sfml mall dv1595 - copy\obj\x64\template\release\town.obj
d:\c++\sfml mall dv1595 - copy\obj\x64\template\release\state.obj
d:\c++\sfml mall dv1595 - copy\obj\x64\template\release\shipstats.obj
d:\c++\sfml mall dv1595 - copy\obj\x64\template\release\shiphandler.obj
d:\c++\sfml mall dv1595 - copy\obj\x64\template\release\ship.obj
d:\c++\sfml mall dv1595 - copy\obj\x64\template\release\saveload.obj
d:\c++\sfml mall dv1595 - copy\obj\x64\template\release\market.obj
d:\c++\sfml mall dv1595 - copy\obj\x64\template\release\mainmenu.obj
d:\c++\sfml mall dv1595 - copy\obj\x64\template\release\gamestate.obj
d:\c++\sfml mall dv1595 - copy\obj\x64\template\release\entity.obj
d:\c++\sfml mall dv1595 - copy\obj\x64\template\release\game.obj
d:\c++\sfml mall dv1595 - copy\obj\x64\template\release\fightmenu.obj
d:\c++\sfml mall dv1595 - copy\obj\x64\template\release\explotion.obj
d:\c++\sfml mall dv1595 - copy\obj\x64\template\release\bullet.obj
d:\c++\sfml mall dv1595 - copy\obj\x64\template\release\battleship.obj
d:\c++\sfml mall dv1595 - copy\obj\x64\template\release\background.obj
d:\c++\sfml mall dv1595 - copy\bin\x64\template.exe
d:\c++\sfml mall dv1595 - copy\obj\x64\template\release\template.ipdb
d:\c++\sfml mall dv1595 - copy\bin\x64\template.pdb
d:\c++\sfml mall dv1595 - copy\obj\x64\template\release\template.iobj
d:\c++\sfml boat\obj\x64\template\release\background.obj
d:\c++\sfml boat\obj\x64\template\release\battleship.obj
d:\c++\sfml boat\obj\x64\template\release\bullet.obj
d:\c++\sfml boat\obj\x64\template\release\entity.obj
d:\c++\sfml boat\obj\x64\template\release\explotion.obj
d:\c++\sfml boat\obj\x64\template\release\fightmenu.obj
d:\c++\sfml boat\obj\x64\template\release\game.obj
d:\c++\sfml boat\obj\x64\template\release\gamestate.obj
d:\c++\sfml boat\obj\x64\template\release\mainmenu.obj
d:\c++\sfml boat\obj\x64\template\release\market.obj
d:\c++\sfml boat\obj\x64\template\release\saveload.obj
d:\c++\sfml boat\obj\x64\template\release\ship.obj
d:\c++\sfml boat\obj\x64\template\release\shiphandler.obj
d:\c++\sfml boat\obj\x64\template\release\shipstats.obj
d:\c++\sfml boat\obj\x64\template\release\state.obj
d:\c++\sfml boat\obj\x64\template\release\town.obj
d:\c++\sfml boat\obj\x64\template\release\uibutton.obj
d:\c++\sfml boat\obj\x64\template\release\template.ipdb
d:\c++\sfml boat\obj\x64\template\release\template.iobj
d:\c++\sfml boat\obj\x64\template\release\vc143.pdb
d:\c++\sfml boat\codepc\../bin/x64/template.pdb
d:\c++\sfml boat\bin\x64\template.exe
d:\c++\sfml boat\codepc\../obj/x64/template/release/mainprogram.vcxproj.filelistabsolute.txt
d:\c++\sfml boat\obj\x64\template\release\template.tlog\cl.command.1.tlog
d:\c++\sfml boat\obj\x64\template\release\template.tlog\cl.read.1.tlog
d:\c++\sfml boat\obj\x64\template\release\template.tlog\cl.write.1.tlog
d:\c++\sfml boat\obj\x64\template\release\template.tlog\link.command.1.tlog
d:\c++\sfml boat\obj\x64\template\release\template.tlog\link.read.1.tlog
d:\c++\sfml boat\obj\x64\template\release\template.tlog\link.write.1.tlog
